<?xml version="1.0" encoding="UTF-8"?>
<!-- Generated by org.testng.reporters.JUnitXMLReporter -->
<testsuite hostname="DESKTOP-J6GS6GA" failures="0" tests="4" name="Default test" time="68.578" errors="0" timestamp="20 Jul 2021 20:52:57 GMT">
  <testcase classname="com.titanium.automation.FacebookTest" name="createAccount" time="16.779"/>
  <testcase classname="com.titanium.automation.FacebookTest" name="createPost" time="18.866"/>
  <testcase classname="com.titanium.automation.FacebookTest" name="editPost" time="21.581"/>
  <testcase classname="com.titanium.automation.FacebookTest" name="deletePost" time="11.312"/>
</testsuite> <!-- Default test -->
