<?xml version="1.0" encoding="UTF-8"?>
<!-- Generated by org.testng.reporters.JUnitXMLReporter -->
<testsuite hostname="DESKTOP-J6GS6GA" failures="0" tests="4" name="Default test" time="66.74" errors="0" timestamp="25 Jul 2021 00:01:34 GMT">
  <testcase classname="com.titanium.automation.FacebookTest" name="createAccount" time="17.2"/>
  <testcase classname="com.titanium.automation.FacebookTest" name="createPost" time="16.679"/>
  <testcase classname="com.titanium.automation.FacebookTest" name="editPost" time="21.56"/>
  <testcase classname="com.titanium.automation.FacebookTest" name="deletePost" time="11.267"/>
</testsuite> <!-- Default test -->
