<?xml version="1.0" encoding="UTF-8"?>
<testng-results total="4" passed="4" failed="0" skipped="0">
  <reporter-output>
  </reporter-output>
  <suite started-at="2021-07-19T16:34:55Z" name="Default suite" finished-at="2021-07-19T16:36:04Z" duration-ms="68472">
    <groups>
    </groups>
    <test started-at="2021-07-19T16:34:55Z" name="Default test" finished-at="2021-07-19T16:36:04Z" duration-ms="68472">
      <class name="com.titanium.automation.FacebookTest">
        <test-method is-config="true" signature="beforeSuite()[pri:0, instance:com.titanium.automation.FacebookTest@490caf5f]" started-at="2021-07-19T11:34:54Z" name="beforeSuite" finished-at="2021-07-19T11:34:55Z" duration-ms="1390" status="PASS">
          <reporter-output>
          </reporter-output>
        </test-method> <!-- beforeSuite -->
        <test-method signature="createAccount()[pri:0, instance:com.titanium.automation.FacebookTest@490caf5f]" started-at="2021-07-19T11:34:55Z" name="createAccount" finished-at="2021-07-19T11:35:12Z" duration-ms="16728" status="PASS">
          <reporter-output>
          </reporter-output>
        </test-method> <!-- createAccount -->
        <test-method signature="createPost()[pri:0, instance:com.titanium.automation.FacebookTest@490caf5f]" started-at="2021-07-19T11:35:12Z" name="createPost" finished-at="2021-07-19T11:35:31Z" duration-ms="18834" status="PASS">
          <reporter-output>
          </reporter-output>
        </test-method> <!-- createPost -->
        <test-method signature="editPost()[pri:0, instance:com.titanium.automation.FacebookTest@490caf5f]" started-at="2021-07-19T11:35:31Z" name="editPost" finished-at="2021-07-19T11:35:53Z" duration-ms="21577" status="PASS">
          <reporter-output>
          </reporter-output>
        </test-method> <!-- editPost -->
        <test-method signature="deletePost()[pri:0, instance:com.titanium.automation.FacebookTest@490caf5f]" started-at="2021-07-19T11:35:53Z" name="deletePost" finished-at="2021-07-19T11:36:04Z" duration-ms="11310" status="PASS">
          <reporter-output>
          </reporter-output>
        </test-method> <!-- deletePost -->
        <test-method is-config="true" signature="afterSuite()[pri:0, instance:com.titanium.automation.FacebookTest@490caf5f]" started-at="2021-07-19T11:36:04Z" name="afterSuite" finished-at="2021-07-19T11:36:13Z" duration-ms="8770" status="PASS">
          <reporter-output>
          </reporter-output>
        </test-method> <!-- afterSuite -->
      </class> <!-- com.titanium.automation.FacebookTest -->
    </test> <!-- Default test -->
  </suite> <!-- Default suite -->
</testng-results>
